[completion] collect capped train/val for retraining ablation
[protocol_rescue] read train data/raw/can-train-and-test/set_01/train_01/DoS-1.csv
[protocol_rescue] read train data/raw/can-train-and-test/set_01/train_01/DoS-2.csv
[protocol_rescue] read train data/raw/can-train-and-test/set_01/train_01/accessory-1.csv
[protocol_rescue] read train data/raw/can-train-and-test/set_01/train_01/accessory-2.csv
[protocol_rescue] read train data/raw/can-train-and-test/set_01/train_01/attack-free-1.csv
[protocol_rescue] read train data/raw/can-train-and-test/set_01/train_01/attack-free-2.csv
[protocol_rescue] read train data/raw/can-train-and-test/set_01/train_01/force-neutral-1.csv
[protocol_rescue] read train data/raw/can-train-and-test/set_01/train_01/force-neutral-2.csv
[protocol_rescue] read train data/raw/can-train-and-test/set_01/train_01/rpm-1.csv
[protocol_rescue] read train data/raw/can-train-and-test/set_01/train_01/rpm-2.csv
[protocol_rescue] read train data/raw/can-train-and-test/set_01/train_01/standstill-1.csv
[protocol_rescue] read train data/raw/can-train-and-test/set_01/train_01/standstill-2.csv
[completion] retrain ablation full_safe_can
[completion] retrain ablation without_delta_t_same_id
[completion] retrain ablation without_payload_delta_l1
[completion] retrain ablation without_payload_statistics
[completion] retrain ablation without_can_id
[completion] retrain ablation without_payload_bytes
[completion] retrain ablation only_timing
[completion] retrain ablation only_payload
[completion] retrain ablation only_id
