/home/lqa/VIDS/cmf_can/models/cmf.py:26: UserWarning: enable_nested_tensor is True, but self.use_nested_tensor is False because encoder_layer.norm_first was True
  self.encoder = nn.TransformerEncoder(layer, num_layers=layers)
/home/lqa/VIDS/cmf_can/models/reliable_cmf_can.py:47: UserWarning: enable_nested_tensor is True, but self.use_nested_tensor is False because encoder_layer.norm_first was True
  self.cross = nn.TransformerEncoder(layer, num_layers=1)
[CMF road/reliable_cmf_can] ep 1/50 loss=0.2229 val_f1=0.9917 val_aupr=0.9965 select_f1=0.9917 thr=0.0067
[CMF road/reliable_cmf_can] ep 2/50 loss=0.0854 val_f1=0.9907 val_aupr=0.9965 select_f1=0.9907 thr=0.9999
[CMF road/reliable_cmf_can] ep 3/50 loss=0.0768 val_f1=0.9888 val_aupr=0.9965 select_f1=0.9888 thr=0.9998
[CMF road/reliable_cmf_can] ep 4/50 loss=0.0751 val_f1=0.9928 val_aupr=0.9963 select_f1=0.9928 thr=0.9999
[CMF road/reliable_cmf_can] ep 5/50 loss=0.0719 val_f1=0.9931 val_aupr=0.9966 select_f1=0.9931 thr=0.9990
[CMF road/reliable_cmf_can] ep 6/50 loss=0.0686 val_f1=0.9931 val_aupr=0.9970 select_f1=0.9931 thr=1.0000
[CMF road/reliable_cmf_can] ep 7/50 loss=0.0670 val_f1=0.9924 val_aupr=0.9969 select_f1=0.9924 thr=1.0000
[CMF road/reliable_cmf_can] ep 8/50 loss=0.0661 val_f1=0.9931 val_aupr=0.9969 select_f1=0.9931 thr=1.0000
[CMF road/reliable_cmf_can] ep 9/50 loss=0.0662 val_f1=0.9931 val_aupr=0.9966 select_f1=0.9931 thr=0.9999
[CMF road/reliable_cmf_can] ep 10/50 loss=0.0673 val_f1=0.9931 val_aupr=0.9963 select_f1=0.9931 thr=1.0000
[CMF road/reliable_cmf_can] ep 11/50 loss=0.0658 val_f1=0.9931 val_aupr=0.9966 select_f1=0.9931 thr=1.0000
[CMF road/reliable_cmf_can] ep 12/50 loss=0.0645 val_f1=0.9931 val_aupr=0.9966 select_f1=0.9931 thr=1.0000
[CMF road/reliable_cmf_can] ep 13/50 loss=0.0649 val_f1=0.9933 val_aupr=0.9959 select_f1=0.9933 thr=1.0000
[CMF road/reliable_cmf_can] ep 14/50 loss=0.0641 val_f1=0.9931 val_aupr=0.9957 select_f1=0.9931 thr=1.0000
[CMF road/reliable_cmf_can] ep 15/50 loss=0.0630 val_f1=0.9933 val_aupr=0.9959 select_f1=0.9933 thr=1.0000
[CMF road/reliable_cmf_can] ep 16/50 loss=0.0628 val_f1=0.9935 val_aupr=0.9959 select_f1=0.9935 thr=1.0000
[CMF road/reliable_cmf_can] ep 17/50 loss=0.0626 val_f1=0.9928 val_aupr=0.9960 select_f1=0.9928 thr=1.0000
[CMF road/reliable_cmf_can] ep 18/50 loss=0.0628 val_f1=0.9935 val_aupr=0.9958 select_f1=0.9935 thr=1.0000
[CMF road/reliable_cmf_can] ep 19/50 loss=0.0629 val_f1=0.9933 val_aupr=0.9958 select_f1=0.9933 thr=1.0000
[CMF road/reliable_cmf_can] ep 20/50 loss=0.0626 val_f1=0.9931 val_aupr=0.9958 select_f1=0.9931 thr=1.0000
[CMF road/reliable_cmf_can] ep 21/50 loss=0.0622 val_f1=0.9931 val_aupr=0.9959 select_f1=0.9931 thr=1.0000
[CMF road/reliable_cmf_can] ep 22/50 loss=0.0619 val_f1=0.9935 val_aupr=0.9959 select_f1=0.9935 thr=1.0000
[CMF road/reliable_cmf_can] ep 23/50 loss=0.0619 val_f1=0.9935 val_aupr=0.9958 select_f1=0.9935 thr=1.0000
[CMF road/reliable_cmf_can] ep 24/50 loss=0.0622 val_f1=0.9931 val_aupr=0.9958 select_f1=0.9931 thr=1.0000
[CMF road/reliable_cmf_can] ep 25/50 loss=0.0618 val_f1=0.9933 val_aupr=0.9958 select_f1=0.9933 thr=1.0000
[CMF road/reliable_cmf_can] ep 26/50 loss=0.0616 val_f1=0.9931 val_aupr=0.9959 select_f1=0.9931 thr=1.0000
[CMF road/reliable_cmf_can] ep 27/50 loss=0.0617 val_f1=0.9931 val_aupr=0.9958 select_f1=0.9931 thr=1.0000
[CMF road/reliable_cmf_can] ep 28/50 loss=0.0617 val_f1=0.9931 val_aupr=0.9959 select_f1=0.9931 thr=1.0000
[CMF road/reliable_cmf_can] ep 29/50 loss=0.0615 val_f1=0.9921 val_aupr=0.9959 select_f1=0.9921 thr=1.0000
[CMF road/reliable_cmf_can] ep 30/50 loss=0.0615 val_f1=0.9931 val_aupr=0.9958 select_f1=0.9931 thr=1.0000
[CMF road/reliable_cmf_can] ep 31/50 loss=0.0614 val_f1=0.9931 val_aupr=0.9959 select_f1=0.9931 thr=1.0000
[CMF road/reliable_cmf_can] ep 32/50 loss=0.0612 val_f1=0.9933 val_aupr=0.9958 select_f1=0.9933 thr=1.0000
[CMF road/reliable_cmf_can] ep 33/50 loss=0.0613 val_f1=0.9931 val_aupr=0.9957 select_f1=0.9931 thr=1.0000
[CMF road/reliable_cmf_can] ep 34/50 loss=0.0613 val_f1=0.9935 val_aupr=0.9958 select_f1=0.9935 thr=1.0000
[CMF road/reliable_cmf_can] ep 35/50 loss=0.0612 val_f1=0.9931 val_aupr=0.9957 select_f1=0.9931 thr=1.0000
[CMF road/reliable_cmf_can] ep 36/50 loss=0.0613 val_f1=0.9933 val_aupr=0.9957 select_f1=0.9933 thr=1.0000
[CMF road/reliable_cmf_can] ep 37/50 loss=0.0610 val_f1=0.9933 val_aupr=0.9957 select_f1=0.9933 thr=1.0000
[CMF road/reliable_cmf_can] ep 38/50 loss=0.0611 val_f1=0.9931 val_aupr=0.9957 select_f1=0.9931 thr=1.0000
[CMF road/reliable_cmf_can] ep 39/50 loss=0.0610 val_f1=0.9929 val_aupr=0.9957 select_f1=0.9929 thr=1.0000
[CMF road/reliable_cmf_can] ep 40/50 loss=0.0611 val_f1=0.9933 val_aupr=0.9957 select_f1=0.9933 thr=1.0000
[CMF road/reliable_cmf_can] ep 41/50 loss=0.0609 val_f1=0.9931 val_aupr=0.9957 select_f1=0.9931 thr=1.0000
[CMF road/reliable_cmf_can] ep 42/50 loss=0.0608 val_f1=0.9931 val_aupr=0.9957 select_f1=0.9931 thr=1.0000
[CMF road/reliable_cmf_can] ep 43/50 loss=0.0609 val_f1=0.9933 val_aupr=0.9957 select_f1=0.9933 thr=1.0000
[CMF road/reliable_cmf_can] ep 44/50 loss=0.0608 val_f1=0.9933 val_aupr=0.9957 select_f1=0.9933 thr=1.0000
[CMF road/reliable_cmf_can] ep 45/50 loss=0.0607 val_f1=0.9935 val_aupr=0.9957 select_f1=0.9935 thr=1.0000
[CMF road/reliable_cmf_can] ep 46/50 loss=0.0608 val_f1=0.9931 val_aupr=0.9957 select_f1=0.9931 thr=1.0000
[CMF road/reliable_cmf_can] ep 47/50 loss=0.0608 val_f1=0.9931 val_aupr=0.9957 select_f1=0.9931 thr=1.0000
[CMF road/reliable_cmf_can] ep 48/50 loss=0.0609 val_f1=0.9931 val_aupr=0.9957 select_f1=0.9931 thr=1.0000
[CMF road/reliable_cmf_can] ep 49/50 loss=0.0609 val_f1=0.9931 val_aupr=0.9957 select_f1=0.9931 thr=1.0000
[CMF road/reliable_cmf_can] ep 50/50 loss=0.0608 val_f1=0.9931 val_aupr=0.9957 select_f1=0.9931 thr=1.0000
[CMF road/reliable_cmf_can] test {'dataset': 'road', 'model': 'reliable_cmf_can', 'seed': 42, 'label_ratio': 1.0, 'epochs': 50, 'aux_loss_weight': 0.2, 'loss': 'ce', 'focal_gamma': 2.0, 'focal_alpha': '', 'sampler': 'none', 'selection_metric': 'f1', 'class_weights': 'balanced', 'supcon_weight': 0.0, 'supcon_temperature': 0.1, 'accuracy': 0.9830021801166273, 'precision': 0.9988770353733858, 'recall': 0.6502192982456141, 'f1': 0.7876909453176887, 'macro_f1': 0.8894188148547251, 'aupr': 0.7387333636604637, 'auroc': 0.8167502047704126, 'fpr': 3.725574204124211e-05, 'fnr': 0.34978070175438597, 'threshold': 0.9999957084655762, 'recall_at_fpr_1em04': 0.6933479532163743, 'f1_at_fpr_1em04': 0.8180250107805088, 'actual_fpr_at_1em04': 9.313935510310526e-05, 'threshold_at_fpr_1em04': 0.9999746084213257, 'recall_at_fpr_5em04': 0.7076023391812866, 'f1_at_fpr_5em04': 0.825410360264336, 'actual_fpr_at_5em04': 0.0003539295493918, 'threshold_at_fpr_5em04': 0.9973827004432678, 'recall_at_fpr_1em03': 0.7083333333333334, 'f1_at_fpr_1em03': 0.8222316504030548, 'actual_fpr_at_1em03': 0.0007451148408248421, 'threshold_at_fpr_1em03': 0.8376075029373169}
